[2024-06-04 12:52:31.428] [PSS] [error] [31352|26552]streaming_driver_interface_impl.cpp:835 HandleBodyJointEvent: "body_tracking not started", !body_tracking_flag_, this= 0x1a5cfa79bc0
[2024-06-04 12:52:31.442] [PSS] [error] [31352|26552]streaming_driver_interface_impl.cpp:871 HandleEyeTrackingDataEvent: "eye_tracking not started", !eye_tracking_flag_, this= 0x1a5cfa79bc0
[2024-06-04 12:52:31.442] [PSS] [error] [31352|26552]streaming_driver_interface_impl.cpp:835 HandleBodyJointEvent: "body_tracking not started", !body_tracking_flag_, this= 0x1a5cfa79bc0
[2024-06-04 12:52:31.456] [PSS] [error] [31352|26552]streaming_driver_interface_impl.cpp:871 HandleEyeTrackingDataEvent: "eye_tracking not started", !eye_tracking_flag_, this= 0x1a5cfa79bc0
[2024-06-04 12:52:31.456] [PSS] [error] [31352|26552]streaming_driver_interface_impl.cpp:835 HandleBodyJointEvent: "body_tracking not started", !body_tracking_flag_, this= 0x1a5cfa79bc0
[2024-06-04 12:52:31.470] [PSS] [error] [31352|26552]streaming_driver_interface_impl.cpp:871 HandleEyeTrackingDataEvent: "eye_tracking not started", !eye_tracking_flag_, this= 0x1a5cfa79bc0
[2024-06-04 12:52:31.470] [PSS] [error] [31352|26552]streaming_driver_interface_impl.cpp:835 HandleBodyJointEvent: "body_tracking not started", !body_tracking_flag_, this= 0x1a5cfa79bc0
[2024-06-04 12:52:31.483] [PSS] [error] [31352|26552]streaming_driver_interface_impl.cpp:871 HandleEyeTrackingDataEvent: "eye_tracking not started", !eye_tracking_flag_, this= 0x1a5cfa79bc0
[2024-06-04 12:52:31.484] [PSS] [error] [31352|26552]streaming_driver_interface_impl.cpp:835 HandleBodyJointEvent: "body_tracking not started", !body_tracking_flag_, this= 0x1a5cfa79bc0
[2024-06-04 12:52:31.486] [PSS] [info] [31352|30456]streaming_driver_interface_impl.cpp:67 StopStreaming: stop streaming, this= 0x1a5cfa79bc0
[2024-06-04 12:52:31.486] [PSS] [debug] [31352|30456]streaming_driver_interface_impl.cpp:180 StopHandTracking: stop hand tracking, this= 0x1a5cfa79bc0
[2024-06-04 12:52:31.486] [PSS] [debug] [31352|31628]streaming_driver_interface_impl.cpp:534 InvokeStopStreaming: stop streaming, state= 2, this= 0x1a5cfa79bc0
[2024-06-04 12:52:31.486] [PSS] [error] [31352|31628]streaming_driver_interface_impl.cpp:584 InvokeChangeHandTrackingState: "streaming not started", streaming_state_ != StreamingState::kStreamingReady, this= 0x1a5cfa79bc0
[2024-06-04 12:52:31.486] [PSS] [debug] [31352|31628]streaming_driver_interface_impl.cpp:503 InvokeDisconnectFromService: disconnect from service, this= 0x1a5cfa79bc0
[2024-06-04 12:52:31.486] [PSS] [debug] [31352|31628]driver_media_session.cpp:68 Reset: reset client session, this= 0x1a591bbe170
[2024-06-04 12:52:31.486] [PSS] [info] [31352|31628]media_session_impl.cpp:258 Stop: stop session, session_id= VEboXcLNpxvwdCnp, this= 0x1a59187a090
[2024-06-04 12:52:31.486] [PSS] [debug] [31352|31628]event_stream_impl.cpp:49 Stop: stream_id= ZTXXzxmUcltyhQGr, this= 0x1a619e09d90
[2024-06-04 12:52:31.486] [PSS] [debug] [31352|31628]media_session_impl.cpp:281 Stop: stop session success, session_id= VEboXcLNpxvwdCnp, this= 0x1a59187a090
[2024-06-04 12:52:31.486] [PSS] [debug] [31352|31628]event_stream_impl.cpp:27 Reset: reset event stream= ZTXXzxmUcltyhQGr, this= 0x1a619e09d90
[2024-06-04 12:52:31.486] [PSS] [debug] [31352|31628]media_transport.cpp:31 Reset: reset media_transport, this= 0x1a5cf1376b0
[2024-06-04 12:52:31.487] [PSS] [debug] [31352|31628]driver_media_session.cpp:78 Reset: reset client session success, this= 0x1a591bbe170
[2024-06-04 12:52:31.487] [PSS] [debug] [31352|31628]driver_media_session.cpp:68 Reset: reset client session, this= 0x1a591bbe170
[2024-06-04 12:52:31.487] [PSS] [debug] [31352|31628]driver_media_session.cpp:78 Reset: reset client session success, this= 0x1a591bbe170
[2024-06-04 12:52:31.487] [PSS] [debug] [31352|31628]driver_rpc.cpp:109 DisconnectFromService: disconnect from service, request_id= 2req = client_id: "qwr79OAa6ThLz3bB", this= 0x1a4fe427b80
[2024-06-04 12:52:31.588] [PSS] [debug] [31352|31628]driver_rpc.cpp:294 HandleDisconnectFromServiceResp: disconnect from service result= -5, this= 0x1a4fe427b80
[2024-06-04 12:52:31.588] [PSS] [error] [31352|31628]driver_rpc.cpp:299 HandleDisconnectFromServiceResp: rpc error, this= 0x1a4fe427b80
[2024-06-04 12:52:31.588] [PSS] [debug] [31352|31628]streaming_driver_interface_impl.cpp:287 NotifyDisconnectFromServiceResult: disconnect from service result= -5, this= 0x1a5cfa79bc0
[2024-06-04 12:52:31.763] [PSS] [error] [31352|31628]rpc.cpp:283 HandleReceiveData: "response cannot find correspond request,", iter == inflight_requests_.end(), this= 0x1a591b45600
[2024-06-04 12:53:34.318] [PSS] [debug] [31352|30456]streaming_driver_interface_impl.cpp:25 StreamingDriverInterfaceImpl: callback= 0x1a4fd557fd0, this= 0x1a6dc887e70
[2024-06-04 12:53:34.318] [PSS] [debug] [31352|30456]streaming_driver_interface_impl.cpp:30 ~StreamingDriverInterfaceImpl: called, this= 0x1a5cfa79bc0
[2024-06-04 12:53:34.318] [PSS] [debug] [31352|30456]transport_client_tcp2.cpp:71 Stop: called, this= 0x1a6411d21c0
